<?xml version="1.0" encoding="UTF-8"?>
<testng-results skipped="0" failed="1" total="3" passed="2">
  <reporter-output>
  </reporter-output>
  <suite name="Default suite" duration-ms="31373" started-at="2018-02-14T00:34:32Z" finished-at="2018-02-14T00:35:03Z">
    <groups>
    </groups>
    <test name="Default test" duration-ms="31373" started-at="2018-02-14T00:34:32Z" finished-at="2018-02-14T00:35:03Z">
      <class name="testingChallenge.OverStock">
        <test-method status="PASS" signature="setup()[pri:0, instance:testingChallenge.OverStock@64729b1e]" name="setup" is-config="true" duration-ms="18830" started-at="2018-02-13T19:34:32Z" finished-at="2018-02-13T19:34:50Z">
          <reporter-output>
          </reporter-output>
        </test-method> <!-- setup -->
        <test-method status="FAIL" signature="addPS4gameToCart()[pri:0, instance:testingChallenge.OverStock@64729b1e]" name="addPS4gameToCart" duration-ms="6920" started-at="2018-02-13T19:34:50Z" finished-at="2018-02-13T19:34:57Z">
          <exception class="org.openqa.selenium.NoSuchElementException">
            <message>
              <![CDATA[Unable to locate element: //div[contains(text(), 'Uncharted: The Lost Legacy')]
For documentation on this error, please visit: http://seleniumhq.org/exceptions/no_such_element.html
Build info: version: '3.8.1', revision: '6e95a6684b', time: '2017-12-01T19:05:14.666Z'
System info: host: 'DESKTOP-8MPHSFA', ip: '192.168.29.2', os.name: 'Windows 10', os.arch: 'amd64', os.version: '10.0', java.version: '1.8.0_144'
Driver info: org.openqa.selenium.firefox.FirefoxDriver
Capabilities {acceptInsecureCerts: true, browserName: firefox, browserVersion: 54.0, javascriptEnabled: true, moz:accessibilityChecks: false, moz:processID: 18800, moz:profile: C:\Users\sivaa\AppData\Loca..., pageLoadStrategy: normal, platform: XP, platformName: XP, platformVersion: 10.0, rotatable: false, specificationLevel: 0, timeouts: {implicit: 0, pageLoad: 300000, script: 30000}}
Session ID: 715d5f2b-f11e-4d9a-8fa8-c7dad69cd3c7
*** Element info: {Using=xpath, value=//div[contains(text(), 'Uncharted: The Lost Legacy')]}]]>
            </message>
            <full-stacktrace>
              <![CDATA[org.openqa.selenium.NoSuchElementException: Unable to locate element: //div[contains(text(), 'Uncharted: The Lost Legacy')]
For documentation on this error, please visit: http://seleniumhq.org/exceptions/no_such_element.html
Build info: version: '3.8.1', revision: '6e95a6684b', time: '2017-12-01T19:05:14.666Z'
System info: host: 'DESKTOP-8MPHSFA', ip: '192.168.29.2', os.name: 'Windows 10', os.arch: 'amd64', os.version: '10.0', java.version: '1.8.0_144'
Driver info: org.openqa.selenium.firefox.FirefoxDriver
Capabilities {acceptInsecureCerts: true, browserName: firefox, browserVersion: 54.0, javascriptEnabled: true, moz:accessibilityChecks: false, moz:processID: 18800, moz:profile: C:\Users\sivaa\AppData\Loca..., pageLoadStrategy: normal, platform: XP, platformName: XP, platformVersion: 10.0, rotatable: false, specificationLevel: 0, timeouts: {implicit: 0, pageLoad: 300000, script: 30000}}
Session ID: 715d5f2b-f11e-4d9a-8fa8-c7dad69cd3c7
*** Element info: {Using=xpath, value=//div[contains(text(), 'Uncharted: The Lost Legacy')]}
	at sun.reflect.NativeConstructorAccessorImpl.newInstance0(Native Method)
	at sun.reflect.NativeConstructorAccessorImpl.newInstance(NativeConstructorAccessorImpl.java:62)
	at sun.reflect.DelegatingConstructorAccessorImpl.newInstance(DelegatingConstructorAccessorImpl.java:45)
	at java.lang.reflect.Constructor.newInstance(Constructor.java:423)
	at org.openqa.selenium.remote.http.W3CHttpResponseCodec.createException(W3CHttpResponseCodec.java:187)
	at org.openqa.selenium.remote.http.W3CHttpResponseCodec.decode(W3CHttpResponseCodec.java:122)
	at org.openqa.selenium.remote.http.W3CHttpResponseCodec.decode(W3CHttpResponseCodec.java:49)
	at org.openqa.selenium.remote.HttpCommandExecutor.execute(HttpCommandExecutor.java:164)
	at org.openqa.selenium.remote.service.DriverCommandExecutor.execute(DriverCommandExecutor.java:83)
	at org.openqa.selenium.remote.RemoteWebDriver.execute(RemoteWebDriver.java:601)
	at org.openqa.selenium.remote.RemoteWebDriver.findElement(RemoteWebDriver.java:371)
	at org.openqa.selenium.remote.RemoteWebDriver.findElementByXPath(RemoteWebDriver.java:473)
	at org.openqa.selenium.By$ByXPath.findElement(By.java:361)
	at org.openqa.selenium.remote.RemoteWebDriver.findElement(RemoteWebDriver.java:363)
	at testingChallenge.OverStock.addPS4gameToCart(OverStock.java:108)
	at sun.reflect.NativeMethodAccessorImpl.invoke0(Native Method)
	at sun.reflect.NativeMethodAccessorImpl.invoke(NativeMethodAccessorImpl.java:62)
	at sun.reflect.DelegatingMethodAccessorImpl.invoke(DelegatingMethodAccessorImpl.java:43)
	at java.lang.reflect.Method.invoke(Method.java:498)
	at org.testng.internal.MethodInvocationHelper.invokeMethod(MethodInvocationHelper.java:86)
	at org.testng.internal.Invoker.invokeMethod(Invoker.java:643)
	at org.testng.internal.Invoker.invokeTestMethod(Invoker.java:820)
	at org.testng.internal.Invoker.invokeTestMethods(Invoker.java:1128)
	at org.testng.internal.TestMethodWorker.invokeTestMethods(TestMethodWorker.java:129)
	at org.testng.internal.TestMethodWorker.run(TestMethodWorker.java:112)
	at org.testng.TestRunner.privateRun(TestRunner.java:782)
	at org.testng.TestRunner.run(TestRunner.java:632)
	at org.testng.SuiteRunner.runTest(SuiteRunner.java:366)
	at org.testng.SuiteRunner.runSequentially(SuiteRunner.java:361)
	at org.testng.SuiteRunner.privateRun(SuiteRunner.java:319)
	at org.testng.SuiteRunner.run(SuiteRunner.java:268)
	at org.testng.SuiteRunnerWorker.runSuite(SuiteRunnerWorker.java:52)
	at org.testng.SuiteRunnerWorker.run(SuiteRunnerWorker.java:86)
	at org.testng.TestNG.runSuitesSequentially(TestNG.java:1244)
	at org.testng.TestNG.runSuitesLocally(TestNG.java:1169)
	at org.testng.TestNG.run(TestNG.java:1064)
	at org.testng.remote.AbstractRemoteTestNG.run(AbstractRemoteTestNG.java:114)
	at org.testng.remote.RemoteTestNG.initAndRun(RemoteTestNG.java:251)
	at org.testng.remote.RemoteTestNG.main(RemoteTestNG.java:77)
]]>
            </full-stacktrace>
          </exception> <!-- org.openqa.selenium.NoSuchElementException -->
          <reporter-output>
          </reporter-output>
        </test-method> <!-- addPS4gameToCart -->
        <test-method status="PASS" signature="clearSearch()[pri:0, instance:testingChallenge.OverStock@64729b1e]" name="clearSearch" is-config="true" duration-ms="120" started-at="2018-02-13T19:34:57Z" finished-at="2018-02-13T19:34:58Z">
          <reporter-output>
          </reporter-output>
        </test-method> <!-- clearSearch -->
        <test-method status="PASS" signature="cartButton()[pri:0, instance:testingChallenge.OverStock@64729b1e]" name="cartButton" duration-ms="1435" started-at="2018-02-13T19:34:58Z" finished-at="2018-02-13T19:34:59Z">
          <reporter-output>
          </reporter-output>
        </test-method> <!-- cartButton -->
        <test-method status="PASS" signature="clearSearch()[pri:0, instance:testingChallenge.OverStock@64729b1e]" name="clearSearch" is-config="true" duration-ms="61" started-at="2018-02-13T19:34:59Z" finished-at="2018-02-13T19:34:59Z">
          <reporter-output>
          </reporter-output>
        </test-method> <!-- clearSearch -->
        <test-method status="PASS" signature="logout()[pri:0, instance:testingChallenge.OverStock@64729b1e]" name="logout" duration-ms="3807" started-at="2018-02-13T19:34:59Z" finished-at="2018-02-13T19:35:03Z">
          <reporter-output>
          </reporter-output>
        </test-method> <!-- logout -->
        <test-method status="PASS" signature="clearSearch()[pri:0, instance:testingChallenge.OverStock@64729b1e]" name="clearSearch" is-config="true" duration-ms="172" started-at="2018-02-13T19:35:03Z" finished-at="2018-02-13T19:35:03Z">
          <reporter-output>
          </reporter-output>
        </test-method> <!-- clearSearch -->
      </class> <!-- testingChallenge.OverStock -->
    </test> <!-- Default test -->
  </suite> <!-- Default suite -->
</testng-results>
